<?xml version="1.0" encoding="UTF-8"?>
<!-- Generated by org.testng.reporters.JUnitReportReporter -->
<testsuite skipped="0" hostname="IT364925" name="winapp.WinappJava" tests="1" failures="0" timestamp="16 Dec 2018 07:39:32 GMT" time="12.632" errors="0">
  <testcase name="login_OSC" time="12.632" classname="winapp.WinappJava"/>
</testsuite> <!-- winapp.WinappJava -->
