<?xml version="1.0" encoding="UTF-8"?>
<!-- Generated by org.testng.reporters.JUnitReportReporter -->
<testsuite skipped="0" hostname="IT364925" name="com.qa.osc.test.OscTest" tests="1" failures="0" timestamp="03 Jan 2019 13:09:18 GMT" time="99.506" errors="0">
  <testcase name="osc_Get_Data" time="99.506" classname="com.qa.osc.test.OscTest"/>
</testsuite> <!-- com.qa.osc.test.OscTest -->
